{
  "uid" : "8ce74dd5d3380ad1",
  "name" : "删除全部购物车的商品",
  "fullName" : "test_case.test_taobao2#test_del_goods",
  "historyId" : "4b92e08fa1ae49c7f26ff30c0e40b553",
  "time" : {
    "start" : 1654005611166,
    "stop" : 1654005669687,
    "duration" : 58521
  },
  "status" : "broken",
  "statusMessage" : "selenium.common.exceptions.NoSuchElementException: Message: no such element: Unable to locate element: {\"method\":\"css selector\",\"selector\":\"[id=\"J_SelectAll1\"]\"}\n  (Session info: chrome=102.0.5005.63)",
  "statusTrace" : "browser = <selenium.webdriver.chrome.webdriver.WebDriver (session=\"4e8e9c5e291f1b56541057ff41af55a4\")>\n\n    @allure.title(\"删除全部购物车的商品\")\n    def test_del_goods(browser):\n        # 复用商品购物流程\n        goodssale = GoodsSale(browser)\n    \n        goodssale.open(TAOBAO_URL)\n    \n        # 搜索商品\n        goodssale.goodsSearch(\"膳魔师\")\n    \n        # 进行购物\n        goodssale.shopping()\n    \n        with allure.step(\"打开购物车\"):\n            goodssale.open(CART_LOGIN_URL)\n    \n        with allure.step(\"全选商品\"):\n>           goodssale.locator(*allPages.page_cartDetail_selectAll).click()\n\ntest_case\\test_taobao2.py:40: \n_ _ _ _ _ _ _ _ _ _ _ _ _ _ _ _ _ _ _ _ _ _ _ _ _ _ _ _ _ _ _ _ _ _ _ _ _ _ _ _\nkey_word\\keyword.py:30: in locator\n    el = self.driver.find_element(name,value)\nD:\\Python38\\lib\\site-packages\\selenium\\webdriver\\remote\\webdriver.py:976: in find_element\n    return self.execute(Command.FIND_ELEMENT, {\nD:\\Python38\\lib\\site-packages\\selenium\\webdriver\\remote\\webdriver.py:321: in execute\n    self.error_handler.check_response(response)\n_ _ _ _ _ _ _ _ _ _ _ _ _ _ _ _ _ _ _ _ _ _ _ _ _ _ _ _ _ _ _ _ _ _ _ _ _ _ _ _\n\nself = <selenium.webdriver.remote.errorhandler.ErrorHandler object at 0x000001E4306DE7F0>\nresponse = {'status': 404, 'value': '{\"value\":{\"error\":\"no such element\",\"message\":\"no such element: Unable to locate element: {\\...\\n\\\\tRtlGetAppContainerNamedObjectPath [0x77B77A7E+286]\\\\n\\\\tRtlGetAppContainerNamedObjectPath [0x77B77A4E+238]\\\\n\"}}'}\n\n    def check_response(self, response):\n        \"\"\"\n        Checks that a JSON response from the WebDriver does not have an error.\n    \n        :Args:\n         - response - The JSON response from the WebDriver server as a dictionary\n           object.\n    \n        :Raises: If the response contains an error message.\n        \"\"\"\n        status = response.get('status', None)\n        if status is None or status == ErrorCode.SUCCESS:\n            return\n        value = None\n        message = response.get(\"message\", \"\")\n        screen = response.get(\"screen\", \"\")\n        stacktrace = None\n        if isinstance(status, int):\n            value_json = response.get('value', None)\n            if value_json and isinstance(value_json, basestring):\n                import json\n                try:\n                    value = json.loads(value_json)\n                    if len(value.keys()) == 1:\n                        value = value['value']\n                    status = value.get('error', None)\n                    if status is None:\n                        status = value[\"status\"]\n                        message = value[\"value\"]\n                        if not isinstance(message, basestring):\n                            value = message\n                            message = message.get('message')\n                    else:\n                        message = value.get('message', None)\n                except ValueError:\n                    pass\n    \n        exception_class = ErrorInResponseException\n        if status in ErrorCode.NO_SUCH_ELEMENT:\n            exception_class = NoSuchElementException\n        elif status in ErrorCode.NO_SUCH_FRAME:\n            exception_class = NoSuchFrameException\n        elif status in ErrorCode.NO_SUCH_WINDOW:\n            exception_class = NoSuchWindowException\n        elif status in ErrorCode.STALE_ELEMENT_REFERENCE:\n            exception_class = StaleElementReferenceException\n        elif status in ErrorCode.ELEMENT_NOT_VISIBLE:\n            exception_class = ElementNotVisibleException\n        elif status in ErrorCode.INVALID_ELEMENT_STATE:\n            exception_class = InvalidElementStateException\n        elif status in ErrorCode.INVALID_SELECTOR \\\n                or status in ErrorCode.INVALID_XPATH_SELECTOR \\\n                or status in ErrorCode.INVALID_XPATH_SELECTOR_RETURN_TYPER:\n            exception_class = InvalidSelectorException\n        elif status in ErrorCode.ELEMENT_IS_NOT_SELECTABLE:\n            exception_class = ElementNotSelectableException\n        elif status in ErrorCode.ELEMENT_NOT_INTERACTABLE:\n            exception_class = ElementNotInteractableException\n        elif status in ErrorCode.INVALID_COOKIE_DOMAIN:\n            exception_class = InvalidCookieDomainException\n        elif status in ErrorCode.UNABLE_TO_SET_COOKIE:\n            exception_class = UnableToSetCookieException\n        elif status in ErrorCode.TIMEOUT:\n            exception_class = TimeoutException\n        elif status in ErrorCode.SCRIPT_TIMEOUT:\n            exception_class = TimeoutException\n        elif status in ErrorCode.UNKNOWN_ERROR:\n            exception_class = WebDriverException\n        elif status in ErrorCode.UNEXPECTED_ALERT_OPEN:\n            exception_class = UnexpectedAlertPresentException\n        elif status in ErrorCode.NO_ALERT_OPEN:\n            exception_class = NoAlertPresentException\n        elif status in ErrorCode.IME_NOT_AVAILABLE:\n            exception_class = ImeNotAvailableException\n        elif status in ErrorCode.IME_ENGINE_ACTIVATION_FAILED:\n            exception_class = ImeActivationFailedException\n        elif status in ErrorCode.MOVE_TARGET_OUT_OF_BOUNDS:\n            exception_class = MoveTargetOutOfBoundsException\n        elif status in ErrorCode.JAVASCRIPT_ERROR:\n            exception_class = JavascriptException\n        elif status in ErrorCode.SESSION_NOT_CREATED:\n            exception_class = SessionNotCreatedException\n        elif status in ErrorCode.INVALID_ARGUMENT:\n            exception_class = InvalidArgumentException\n        elif status in ErrorCode.NO_SUCH_COOKIE:\n            exception_class = NoSuchCookieException\n        elif status in ErrorCode.UNABLE_TO_CAPTURE_SCREEN:\n            exception_class = ScreenshotException\n        elif status in ErrorCode.ELEMENT_CLICK_INTERCEPTED:\n            exception_class = ElementClickInterceptedException\n        elif status in ErrorCode.INSECURE_CERTIFICATE:\n            exception_class = InsecureCertificateException\n        elif status in ErrorCode.INVALID_COORDINATES:\n            exception_class = InvalidCoordinatesException\n        elif status in ErrorCode.INVALID_SESSION_ID:\n            exception_class = InvalidSessionIdException\n        elif status in ErrorCode.UNKNOWN_METHOD:\n            exception_class = UnknownMethodException\n        else:\n            exception_class = WebDriverException\n        if value == '' or value is None:\n            value = response['value']\n        if isinstance(value, basestring):\n            if exception_class == ErrorInResponseException:\n                raise exception_class(response, value)\n            raise exception_class(value)\n        if message == \"\" and 'message' in value:\n            message = value['message']\n    \n        screen = None\n        if 'screen' in value:\n            screen = value['screen']\n    \n        stacktrace = None\n        if 'stackTrace' in value and value['stackTrace']:\n            stacktrace = []\n            try:\n                for frame in value['stackTrace']:\n                    line = self._value_or_default(frame, 'lineNumber', '')\n                    file = self._value_or_default(frame, 'fileName', '<anonymous>')\n                    if line:\n                        file = \"%s:%s\" % (file, line)\n                    meth = self._value_or_default(frame, 'methodName', '<anonymous>')\n                    if 'className' in frame:\n                        meth = \"%s.%s\" % (frame['className'], meth)\n                    msg = \"    at %s (%s)\"\n                    msg = msg % (meth, file)\n                    stacktrace.append(msg)\n            except TypeError:\n                pass\n        if exception_class == ErrorInResponseException:\n            raise exception_class(response, message)\n        elif exception_class == UnexpectedAlertPresentException:\n            alert_text = None\n            if 'data' in value:\n                alert_text = value['data'].get('text')\n            elif 'alert' in value:\n                alert_text = value['alert'].get('text')\n            raise exception_class(message, screen, stacktrace, alert_text)\n>       raise exception_class(message, screen, stacktrace)\nE       selenium.common.exceptions.NoSuchElementException: Message: no such element: Unable to locate element: {\"method\":\"css selector\",\"selector\":\"[id=\"J_SelectAll1\"]\"}\nE         (Session info: chrome=102.0.5005.63)\n\nD:\\Python38\\lib\\site-packages\\selenium\\webdriver\\remote\\errorhandler.py:242: NoSuchElementException",
  "flaky" : false,
  "newFailed" : false,
  "beforeStages" : [ {
    "name" : "browser",
    "time" : {
      "start" : 1654005605228,
      "stop" : 1654005611165,
      "duration" : 5937
    },
    "status" : "passed",
    "steps" : [ ],
    "attachments" : [ ],
    "parameters" : [ ],
    "attachmentsCount" : 0,
    "shouldDisplayMessage" : false,
    "stepsCount" : 0,
    "hasContent" : false
  } ],
  "testStage" : {
    "status" : "broken",
    "statusMessage" : "selenium.common.exceptions.NoSuchElementException: Message: no such element: Unable to locate element: {\"method\":\"css selector\",\"selector\":\"[id=\"J_SelectAll1\"]\"}\n  (Session info: chrome=102.0.5005.63)",
    "statusTrace" : "browser = <selenium.webdriver.chrome.webdriver.WebDriver (session=\"4e8e9c5e291f1b56541057ff41af55a4\")>\n\n    @allure.title(\"删除全部购物车的商品\")\n    def test_del_goods(browser):\n        # 复用商品购物流程\n        goodssale = GoodsSale(browser)\n    \n        goodssale.open(TAOBAO_URL)\n    \n        # 搜索商品\n        goodssale.goodsSearch(\"膳魔师\")\n    \n        # 进行购物\n        goodssale.shopping()\n    \n        with allure.step(\"打开购物车\"):\n            goodssale.open(CART_LOGIN_URL)\n    \n        with allure.step(\"全选商品\"):\n>           goodssale.locator(*allPages.page_cartDetail_selectAll).click()\n\ntest_case\\test_taobao2.py:40: \n_ _ _ _ _ _ _ _ _ _ _ _ _ _ _ _ _ _ _ _ _ _ _ _ _ _ _ _ _ _ _ _ _ _ _ _ _ _ _ _\nkey_word\\keyword.py:30: in locator\n    el = self.driver.find_element(name,value)\nD:\\Python38\\lib\\site-packages\\selenium\\webdriver\\remote\\webdriver.py:976: in find_element\n    return self.execute(Command.FIND_ELEMENT, {\nD:\\Python38\\lib\\site-packages\\selenium\\webdriver\\remote\\webdriver.py:321: in execute\n    self.error_handler.check_response(response)\n_ _ _ _ _ _ _ _ _ _ _ _ _ _ _ _ _ _ _ _ _ _ _ _ _ _ _ _ _ _ _ _ _ _ _ _ _ _ _ _\n\nself = <selenium.webdriver.remote.errorhandler.ErrorHandler object at 0x000001E4306DE7F0>\nresponse = {'status': 404, 'value': '{\"value\":{\"error\":\"no such element\",\"message\":\"no such element: Unable to locate element: {\\...\\n\\\\tRtlGetAppContainerNamedObjectPath [0x77B77A7E+286]\\\\n\\\\tRtlGetAppContainerNamedObjectPath [0x77B77A4E+238]\\\\n\"}}'}\n\n    def check_response(self, response):\n        \"\"\"\n        Checks that a JSON response from the WebDriver does not have an error.\n    \n        :Args:\n         - response - The JSON response from the WebDriver server as a dictionary\n           object.\n    \n        :Raises: If the response contains an error message.\n        \"\"\"\n        status = response.get('status', None)\n        if status is None or status == ErrorCode.SUCCESS:\n            return\n        value = None\n        message = response.get(\"message\", \"\")\n        screen = response.get(\"screen\", \"\")\n        stacktrace = None\n        if isinstance(status, int):\n            value_json = response.get('value', None)\n            if value_json and isinstance(value_json, basestring):\n                import json\n                try:\n                    value = json.loads(value_json)\n                    if len(value.keys()) == 1:\n                        value = value['value']\n                    status = value.get('error', None)\n                    if status is None:\n                        status = value[\"status\"]\n                        message = value[\"value\"]\n                        if not isinstance(message, basestring):\n                            value = message\n                            message = message.get('message')\n                    else:\n                        message = value.get('message', None)\n                except ValueError:\n                    pass\n    \n        exception_class = ErrorInResponseException\n        if status in ErrorCode.NO_SUCH_ELEMENT:\n            exception_class = NoSuchElementException\n        elif status in ErrorCode.NO_SUCH_FRAME:\n            exception_class = NoSuchFrameException\n        elif status in ErrorCode.NO_SUCH_WINDOW:\n            exception_class = NoSuchWindowException\n        elif status in ErrorCode.STALE_ELEMENT_REFERENCE:\n            exception_class = StaleElementReferenceException\n        elif status in ErrorCode.ELEMENT_NOT_VISIBLE:\n            exception_class = ElementNotVisibleException\n        elif status in ErrorCode.INVALID_ELEMENT_STATE:\n            exception_class = InvalidElementStateException\n        elif status in ErrorCode.INVALID_SELECTOR \\\n                or status in ErrorCode.INVALID_XPATH_SELECTOR \\\n                or status in ErrorCode.INVALID_XPATH_SELECTOR_RETURN_TYPER:\n            exception_class = InvalidSelectorException\n        elif status in ErrorCode.ELEMENT_IS_NOT_SELECTABLE:\n            exception_class = ElementNotSelectableException\n        elif status in ErrorCode.ELEMENT_NOT_INTERACTABLE:\n            exception_class = ElementNotInteractableException\n        elif status in ErrorCode.INVALID_COOKIE_DOMAIN:\n            exception_class = InvalidCookieDomainException\n        elif status in ErrorCode.UNABLE_TO_SET_COOKIE:\n            exception_class = UnableToSetCookieException\n        elif status in ErrorCode.TIMEOUT:\n            exception_class = TimeoutException\n        elif status in ErrorCode.SCRIPT_TIMEOUT:\n            exception_class = TimeoutException\n        elif status in ErrorCode.UNKNOWN_ERROR:\n            exception_class = WebDriverException\n        elif status in ErrorCode.UNEXPECTED_ALERT_OPEN:\n            exception_class = UnexpectedAlertPresentException\n        elif status in ErrorCode.NO_ALERT_OPEN:\n            exception_class = NoAlertPresentException\n        elif status in ErrorCode.IME_NOT_AVAILABLE:\n            exception_class = ImeNotAvailableException\n        elif status in ErrorCode.IME_ENGINE_ACTIVATION_FAILED:\n            exception_class = ImeActivationFailedException\n        elif status in ErrorCode.MOVE_TARGET_OUT_OF_BOUNDS:\n            exception_class = MoveTargetOutOfBoundsException\n        elif status in ErrorCode.JAVASCRIPT_ERROR:\n            exception_class = JavascriptException\n        elif status in ErrorCode.SESSION_NOT_CREATED:\n            exception_class = SessionNotCreatedException\n        elif status in ErrorCode.INVALID_ARGUMENT:\n            exception_class = InvalidArgumentException\n        elif status in ErrorCode.NO_SUCH_COOKIE:\n            exception_class = NoSuchCookieException\n        elif status in ErrorCode.UNABLE_TO_CAPTURE_SCREEN:\n            exception_class = ScreenshotException\n        elif status in ErrorCode.ELEMENT_CLICK_INTERCEPTED:\n            exception_class = ElementClickInterceptedException\n        elif status in ErrorCode.INSECURE_CERTIFICATE:\n            exception_class = InsecureCertificateException\n        elif status in ErrorCode.INVALID_COORDINATES:\n            exception_class = InvalidCoordinatesException\n        elif status in ErrorCode.INVALID_SESSION_ID:\n            exception_class = InvalidSessionIdException\n        elif status in ErrorCode.UNKNOWN_METHOD:\n            exception_class = UnknownMethodException\n        else:\n            exception_class = WebDriverException\n        if value == '' or value is None:\n            value = response['value']\n        if isinstance(value, basestring):\n            if exception_class == ErrorInResponseException:\n                raise exception_class(response, value)\n            raise exception_class(value)\n        if message == \"\" and 'message' in value:\n            message = value['message']\n    \n        screen = None\n        if 'screen' in value:\n            screen = value['screen']\n    \n        stacktrace = None\n        if 'stackTrace' in value and value['stackTrace']:\n            stacktrace = []\n            try:\n                for frame in value['stackTrace']:\n                    line = self._value_or_default(frame, 'lineNumber', '')\n                    file = self._value_or_default(frame, 'fileName', '<anonymous>')\n                    if line:\n                        file = \"%s:%s\" % (file, line)\n                    meth = self._value_or_default(frame, 'methodName', '<anonymous>')\n                    if 'className' in frame:\n                        meth = \"%s.%s\" % (frame['className'], meth)\n                    msg = \"    at %s (%s)\"\n                    msg = msg % (meth, file)\n                    stacktrace.append(msg)\n            except TypeError:\n                pass\n        if exception_class == ErrorInResponseException:\n            raise exception_class(response, message)\n        elif exception_class == UnexpectedAlertPresentException:\n            alert_text = None\n            if 'data' in value:\n                alert_text = value['data'].get('text')\n            elif 'alert' in value:\n                alert_text = value['alert'].get('text')\n            raise exception_class(message, screen, stacktrace, alert_text)\n>       raise exception_class(message, screen, stacktrace)\nE       selenium.common.exceptions.NoSuchElementException: Message: no such element: Unable to locate element: {\"method\":\"css selector\",\"selector\":\"[id=\"J_SelectAll1\"]\"}\nE         (Session info: chrome=102.0.5005.63)\n\nD:\\Python38\\lib\\site-packages\\selenium\\webdriver\\remote\\errorhandler.py:242: NoSuchElementException",
    "steps" : [ {
      "name" : "打开浏览器：'http://www.taobao.com'",
      "time" : {
        "start" : 1654005611166,
        "stop" : 1654005624121,
        "duration" : 12955
      },
      "status" : "passed",
      "steps" : [ ],
      "attachments" : [ ],
      "parameters" : [ {
        "name" : "url",
        "value" : "'http://www.taobao.com'"
      } ],
      "attachmentsCount" : 0,
      "shouldDisplayMessage" : false,
      "stepsCount" : 0,
      "hasContent" : true
    }, {
      "name" : "淘宝搜索商品：'膳魔师'",
      "time" : {
        "start" : 1654005624121,
        "stop" : 1654005630176,
        "duration" : 6055
      },
      "status" : "passed",
      "steps" : [ {
        "name" : "流程代码路径：D:\\cemaclass\\PycharmProjects\\CMVIP06\\CMVIP06_PYTEST\\class06\\p08\\logic\\shopping_page.py",
        "time" : {
          "start" : 1654005624121,
          "stop" : 1654005624121,
          "duration" : 0
        },
        "status" : "passed",
        "steps" : [ ],
        "attachments" : [ ],
        "parameters" : [ ],
        "attachmentsCount" : 0,
        "shouldDisplayMessage" : false,
        "stepsCount" : 0,
        "hasContent" : false
      }, {
        "name" : "搜索：膳魔师",
        "time" : {
          "start" : 1654005624121,
          "stop" : 1654005626158,
          "duration" : 2037
        },
        "status" : "passed",
        "steps" : [ ],
        "attachments" : [ ],
        "parameters" : [ ],
        "attachmentsCount" : 0,
        "shouldDisplayMessage" : false,
        "stepsCount" : 0,
        "hasContent" : false
      }, {
        "name" : "网页title检查:'膳魔师'",
        "time" : {
          "start" : 1654005628165,
          "stop" : 1654005630176,
          "duration" : 2011
        },
        "status" : "passed",
        "steps" : [ {
          "name" : "结果检查：（预期）膳魔师 in （实际）膳魔师_淘宝搜索",
          "time" : {
            "start" : 1654005628169,
            "stop" : 1654005628169,
            "duration" : 0
          },
          "status" : "passed",
          "steps" : [ ],
          "attachments" : [ ],
          "parameters" : [ ],
          "attachmentsCount" : 0,
          "shouldDisplayMessage" : false,
          "stepsCount" : 0,
          "hasContent" : false
        } ],
        "attachments" : [ ],
        "parameters" : [ {
          "name" : "expect_title",
          "value" : "'膳魔师'"
        } ],
        "attachmentsCount" : 0,
        "shouldDisplayMessage" : false,
        "stepsCount" : 1,
        "hasContent" : true
      } ],
      "attachments" : [ ],
      "parameters" : [ {
        "name" : "goodsname",
        "value" : "'膳魔师'"
      } ],
      "attachmentsCount" : 0,
      "shouldDisplayMessage" : false,
      "stepsCount" : 4,
      "hasContent" : true
    }, {
      "name" : "淘宝购买商品",
      "time" : {
        "start" : 1654005630176,
        "stop" : 1654005658721,
        "duration" : 28545
      },
      "status" : "passed",
      "steps" : [ {
        "name" : "流程代码路径：D:\\cemaclass\\PycharmProjects\\CMVIP06\\CMVIP06_PYTEST\\class06\\p08\\logic\\shopping_page.py",
        "time" : {
          "start" : 1654005630176,
          "stop" : 1654005630176,
          "duration" : 0
        },
        "status" : "passed",
        "steps" : [ ],
        "attachments" : [ ],
        "parameters" : [ ],
        "attachmentsCount" : 0,
        "shouldDisplayMessage" : false,
        "stepsCount" : 0,
        "hasContent" : false
      }, {
        "name" : "判断是否有登陆页，有就登陆",
        "time" : {
          "start" : 1654005630176,
          "stop" : 1654005640206,
          "duration" : 10030
        },
        "status" : "passed",
        "steps" : [ {
          "name" : "登陆",
          "time" : {
            "start" : 1654005630176,
            "stop" : 1654005640206,
            "duration" : 10030
          },
          "status" : "broken",
          "statusMessage" : "selenium.common.exceptions.NoSuchElementException: Message: no such element: Unable to locate element: {\"method\":\"css selector\",\"selector\":\"[id=\"fm-login-id\"]\"}\n  (Session info: chrome=102.0.5005.63)\n\n",
          "statusTrace" : "  File \"D:\\Python38\\lib\\site-packages\\allure_commons\\_allure.py\", line 157, in impl\n    return func(*a, **kw)\n  File \"D:\\cemaclass\\PycharmProjects\\CMVIP06\\CMVIP06_PYTEST\\class06\\p08\\logic\\cartLogin_page.py\", line 30, in login\n    self.locator(*allPages.page_indexLogin_user).send_keys(username)\n  File \"D:\\cemaclass\\PycharmProjects\\CMVIP06\\CMVIP06_PYTEST\\class06\\p08\\key_word\\keyword.py\", line 30, in locator\n    el = self.driver.find_element(name,value)\n  File \"D:\\Python38\\lib\\site-packages\\selenium\\webdriver\\remote\\webdriver.py\", line 976, in find_element\n    return self.execute(Command.FIND_ELEMENT, {\n  File \"D:\\Python38\\lib\\site-packages\\selenium\\webdriver\\remote\\webdriver.py\", line 321, in execute\n    self.error_handler.check_response(response)\n  File \"D:\\Python38\\lib\\site-packages\\selenium\\webdriver\\remote\\errorhandler.py\", line 242, in check_response\n    raise exception_class(message, screen, stacktrace)\n",
          "steps" : [ {
            "name" : "流程代码路径：D:\\cemaclass\\PycharmProjects\\CMVIP06\\CMVIP06_PYTEST\\class06\\p08\\logic\\cartLogin_page.py",
            "time" : {
              "start" : 1654005630176,
              "stop" : 1654005630176,
              "duration" : 0
            },
            "status" : "passed",
            "steps" : [ ],
            "attachments" : [ ],
            "parameters" : [ ],
            "attachmentsCount" : 0,
            "shouldDisplayMessage" : false,
            "stepsCount" : 0,
            "hasContent" : false
          }, {
            "name" : "输入账户",
            "time" : {
              "start" : 1654005630176,
              "stop" : 1654005640205,
              "duration" : 10029
            },
            "status" : "broken",
            "statusMessage" : "selenium.common.exceptions.NoSuchElementException: Message: no such element: Unable to locate element: {\"method\":\"css selector\",\"selector\":\"[id=\"fm-login-id\"]\"}\n  (Session info: chrome=102.0.5005.63)\n\n",
            "statusTrace" : "  File \"D:\\cemaclass\\PycharmProjects\\CMVIP06\\CMVIP06_PYTEST\\class06\\p08\\logic\\cartLogin_page.py\", line 30, in login\n    self.locator(*allPages.page_indexLogin_user).send_keys(username)\n  File \"D:\\cemaclass\\PycharmProjects\\CMVIP06\\CMVIP06_PYTEST\\class06\\p08\\key_word\\keyword.py\", line 30, in locator\n    el = self.driver.find_element(name,value)\n  File \"D:\\Python38\\lib\\site-packages\\selenium\\webdriver\\remote\\webdriver.py\", line 976, in find_element\n    return self.execute(Command.FIND_ELEMENT, {\n  File \"D:\\Python38\\lib\\site-packages\\selenium\\webdriver\\remote\\webdriver.py\", line 321, in execute\n    self.error_handler.check_response(response)\n  File \"D:\\Python38\\lib\\site-packages\\selenium\\webdriver\\remote\\errorhandler.py\", line 242, in check_response\n    raise exception_class(message, screen, stacktrace)\n",
            "steps" : [ ],
            "attachments" : [ ],
            "parameters" : [ ],
            "attachmentsCount" : 0,
            "shouldDisplayMessage" : true,
            "stepsCount" : 0,
            "hasContent" : true
          } ],
          "attachments" : [ ],
          "parameters" : [ {
            "name" : "username",
            "value" : "'19119282264'"
          }, {
            "name" : "passwd",
            "value" : "'cema6666..'"
          }, {
            "name" : "expect_tile",
            "value" : "'淘宝'"
          } ],
          "attachmentsCount" : 0,
          "shouldDisplayMessage" : false,
          "stepsCount" : 2,
          "hasContent" : true
        }, {
          "name" : "未出现登陆页，跳过",
          "time" : {
            "start" : 1654005640206,
            "stop" : 1654005640206,
            "duration" : 0
          },
          "status" : "passed",
          "steps" : [ ],
          "attachments" : [ ],
          "parameters" : [ ],
          "attachmentsCount" : 0,
          "shouldDisplayMessage" : false,
          "stepsCount" : 0,
          "hasContent" : false
        } ],
        "attachments" : [ ],
        "parameters" : [ ],
        "attachmentsCount" : 0,
        "shouldDisplayMessage" : false,
        "stepsCount" : 4,
        "hasContent" : true
      }, {
        "name" : "选择二手",
        "time" : {
          "start" : 1654005640206,
          "stop" : 1654005641703,
          "duration" : 1497
        },
        "status" : "passed",
        "steps" : [ ],
        "attachments" : [ ],
        "parameters" : [ ],
        "attachmentsCount" : 0,
        "shouldDisplayMessage" : false,
        "stepsCount" : 0,
        "hasContent" : false
      }, {
        "name" : "选择商品",
        "time" : {
          "start" : 1654005643706,
          "stop" : 1654005643865,
          "duration" : 159
        },
        "status" : "passed",
        "steps" : [ ],
        "attachments" : [ ],
        "parameters" : [ ],
        "attachmentsCount" : 0,
        "shouldDisplayMessage" : false,
        "stepsCount" : 0,
        "hasContent" : false
      }, {
        "name" : "窗口切换",
        "time" : {
          "start" : 1654005645876,
          "stop" : 1654005645880,
          "duration" : 4
        },
        "status" : "passed",
        "steps" : [ ],
        "attachments" : [ ],
        "parameters" : [ ],
        "attachmentsCount" : 0,
        "shouldDisplayMessage" : false,
        "stepsCount" : 0,
        "hasContent" : false
      }, {
        "name" : "点击加入购物车按钮",
        "time" : {
          "start" : 1654005646882,
          "stop" : 1654005646989,
          "duration" : 107
        },
        "status" : "passed",
        "steps" : [ ],
        "attachments" : [ ],
        "parameters" : [ ],
        "attachmentsCount" : 0,
        "shouldDisplayMessage" : false,
        "stepsCount" : 0,
        "hasContent" : false
      }, {
        "name" : "判断是否有登录框，有就登陆",
        "time" : {
          "start" : 1654005648003,
          "stop" : 1654005658721,
          "duration" : 10718
        },
        "status" : "passed",
        "steps" : [ {
          "name" : "登陆框登陆",
          "time" : {
            "start" : 1654005648003,
            "stop" : 1654005658721,
            "duration" : 10718
          },
          "status" : "failed",
          "statusMessage" : "AssertionError\n",
          "statusTrace" : "  File \"D:\\Python38\\lib\\site-packages\\allure_commons\\_allure.py\", line 157, in impl\n    return func(*a, **kw)\n  File \"D:\\cemaclass\\PycharmProjects\\CMVIP06\\CMVIP06_PYTEST\\class06\\p08\\logic\\shopping_page.py\", line 47, in login_frame\n    login.login(USERNAME, PASSWD, expect_tile)\n  File \"D:\\Python38\\lib\\site-packages\\allure_commons\\_allure.py\", line 157, in impl\n    return func(*a, **kw)\n  File \"D:\\cemaclass\\PycharmProjects\\CMVIP06\\CMVIP06_PYTEST\\class06\\p08\\logic\\cartLogin_page.py\", line 42, in login\n    self.assert_title(expect_tile)\n  File \"D:\\Python38\\lib\\site-packages\\allure_commons\\_allure.py\", line 157, in impl\n    return func(*a, **kw)\n  File \"D:\\cemaclass\\PycharmProjects\\CMVIP06\\CMVIP06_PYTEST\\class06\\p08\\key_word\\keyword.py\", line 83, in assert_title\n    assert expect_title in result\n",
          "steps" : [ {
            "name" : "流程代码路径：D:\\cemaclass\\PycharmProjects\\CMVIP06\\CMVIP06_PYTEST\\class06\\p08\\logic\\shopping_page.py",
            "time" : {
              "start" : 1654005648003,
              "stop" : 1654005648003,
              "duration" : 0
            },
            "status" : "passed",
            "steps" : [ ],
            "attachments" : [ ],
            "parameters" : [ ],
            "attachmentsCount" : 0,
            "shouldDisplayMessage" : false,
            "stepsCount" : 0,
            "hasContent" : false
          }, {
            "name" : "切换到登陆框frame",
            "time" : {
              "start" : 1654005648283,
              "stop" : 1654005648302,
              "duration" : 19
            },
            "status" : "passed",
            "steps" : [ ],
            "attachments" : [ ],
            "parameters" : [ ],
            "attachmentsCount" : 0,
            "shouldDisplayMessage" : false,
            "stepsCount" : 0,
            "hasContent" : false
          }, {
            "name" : "调用登陆流程",
            "time" : {
              "start" : 1654005651303,
              "stop" : 1654005658720,
              "duration" : 7417
            },
            "status" : "failed",
            "statusMessage" : "AssertionError\n",
            "statusTrace" : "  File \"D:\\cemaclass\\PycharmProjects\\CMVIP06\\CMVIP06_PYTEST\\class06\\p08\\logic\\shopping_page.py\", line 47, in login_frame\n    login.login(USERNAME, PASSWD, expect_tile)\n  File \"D:\\Python38\\lib\\site-packages\\allure_commons\\_allure.py\", line 157, in impl\n    return func(*a, **kw)\n  File \"D:\\cemaclass\\PycharmProjects\\CMVIP06\\CMVIP06_PYTEST\\class06\\p08\\logic\\cartLogin_page.py\", line 42, in login\n    self.assert_title(expect_tile)\n  File \"D:\\Python38\\lib\\site-packages\\allure_commons\\_allure.py\", line 157, in impl\n    return func(*a, **kw)\n  File \"D:\\cemaclass\\PycharmProjects\\CMVIP06\\CMVIP06_PYTEST\\class06\\p08\\key_word\\keyword.py\", line 83, in assert_title\n    assert expect_title in result\n",
            "steps" : [ {
              "name" : "登陆",
              "time" : {
                "start" : 1654005651303,
                "stop" : 1654005658720,
                "duration" : 7417
              },
              "status" : "failed",
              "statusMessage" : "AssertionError\n",
              "statusTrace" : "  File \"D:\\Python38\\lib\\site-packages\\allure_commons\\_allure.py\", line 157, in impl\n    return func(*a, **kw)\n  File \"D:\\cemaclass\\PycharmProjects\\CMVIP06\\CMVIP06_PYTEST\\class06\\p08\\logic\\cartLogin_page.py\", line 42, in login\n    self.assert_title(expect_tile)\n  File \"D:\\Python38\\lib\\site-packages\\allure_commons\\_allure.py\", line 157, in impl\n    return func(*a, **kw)\n  File \"D:\\cemaclass\\PycharmProjects\\CMVIP06\\CMVIP06_PYTEST\\class06\\p08\\key_word\\keyword.py\", line 83, in assert_title\n    assert expect_title in result\n",
              "steps" : [ {
                "name" : "流程代码路径：D:\\cemaclass\\PycharmProjects\\CMVIP06\\CMVIP06_PYTEST\\class06\\p08\\logic\\cartLogin_page.py",
                "time" : {
                  "start" : 1654005651303,
                  "stop" : 1654005651303,
                  "duration" : 0
                },
                "status" : "passed",
                "steps" : [ ],
                "attachments" : [ ],
                "parameters" : [ ],
                "attachmentsCount" : 0,
                "shouldDisplayMessage" : false,
                "stepsCount" : 0,
                "hasContent" : false
              }, {
                "name" : "输入账户",
                "time" : {
                  "start" : 1654005651303,
                  "stop" : 1654005651377,
                  "duration" : 74
                },
                "status" : "passed",
                "steps" : [ ],
                "attachments" : [ ],
                "parameters" : [ ],
                "attachmentsCount" : 0,
                "shouldDisplayMessage" : false,
                "stepsCount" : 0,
                "hasContent" : false
              }, {
                "name" : "输入密码",
                "time" : {
                  "start" : 1654005653381,
                  "stop" : 1654005653445,
                  "duration" : 64
                },
                "status" : "passed",
                "steps" : [ ],
                "attachments" : [ ],
                "parameters" : [ ],
                "attachmentsCount" : 0,
                "shouldDisplayMessage" : false,
                "stepsCount" : 0,
                "hasContent" : false
              }, {
                "name" : "点击登陆",
                "time" : {
                  "start" : 1654005655461,
                  "stop" : 1654005655705,
                  "duration" : 244
                },
                "status" : "passed",
                "steps" : [ ],
                "attachments" : [ ],
                "parameters" : [ ],
                "attachmentsCount" : 0,
                "shouldDisplayMessage" : false,
                "stepsCount" : 0,
                "hasContent" : false
              }, {
                "name" : "网页title检查:'成功'",
                "time" : {
                  "start" : 1654005658715,
                  "stop" : 1654005658719,
                  "duration" : 4
                },
                "status" : "failed",
                "statusMessage" : "AssertionError\n",
                "statusTrace" : "  File \"D:\\Python38\\lib\\site-packages\\allure_commons\\_allure.py\", line 157, in impl\n    return func(*a, **kw)\n  File \"D:\\cemaclass\\PycharmProjects\\CMVIP06\\CMVIP06_PYTEST\\class06\\p08\\key_word\\keyword.py\", line 83, in assert_title\n    assert expect_title in result\n",
                "steps" : [ {
                  "name" : "结果检查：（预期）成功 in （实际）膳魔师保温杯黑色JMK-500BK-淘宝网",
                  "time" : {
                    "start" : 1654005658719,
                    "stop" : 1654005658719,
                    "duration" : 0
                  },
                  "status" : "failed",
                  "statusMessage" : "AssertionError\n",
                  "statusTrace" : "  File \"D:\\cemaclass\\PycharmProjects\\CMVIP06\\CMVIP06_PYTEST\\class06\\p08\\key_word\\keyword.py\", line 83, in assert_title\n    assert expect_title in result\n",
                  "steps" : [ ],
                  "attachments" : [ ],
                  "parameters" : [ ],
                  "attachmentsCount" : 0,
                  "shouldDisplayMessage" : true,
                  "stepsCount" : 0,
                  "hasContent" : true
                } ],
                "attachments" : [ ],
                "parameters" : [ {
                  "name" : "expect_title",
                  "value" : "'成功'"
                } ],
                "attachmentsCount" : 0,
                "shouldDisplayMessage" : false,
                "stepsCount" : 1,
                "hasContent" : true
              } ],
              "attachments" : [ ],
              "parameters" : [ {
                "name" : "username",
                "value" : "'19119282264'"
              }, {
                "name" : "passwd",
                "value" : "'cema6666..'"
              }, {
                "name" : "expect_tile",
                "value" : "'成功'"
              } ],
              "attachmentsCount" : 0,
              "shouldDisplayMessage" : false,
              "stepsCount" : 6,
              "hasContent" : true
            } ],
            "attachments" : [ ],
            "parameters" : [ ],
            "attachmentsCount" : 0,
            "shouldDisplayMessage" : false,
            "stepsCount" : 7,
            "hasContent" : true
          } ],
          "attachments" : [ ],
          "parameters" : [ {
            "name" : "username",
            "value" : "'19119282264'"
          }, {
            "name" : "passwd",
            "value" : "'cema6666..'"
          }, {
            "name" : "expect_tile",
            "value" : "'成功'"
          } ],
          "attachmentsCount" : 0,
          "shouldDisplayMessage" : false,
          "stepsCount" : 10,
          "hasContent" : true
        }, {
          "name" : "未出现登陆框，跳过",
          "time" : {
            "start" : 1654005658721,
            "stop" : 1654005658721,
            "duration" : 0
          },
          "status" : "passed",
          "steps" : [ ],
          "attachments" : [ ],
          "parameters" : [ ],
          "attachmentsCount" : 0,
          "shouldDisplayMessage" : false,
          "stepsCount" : 0,
          "hasContent" : false
        } ],
        "attachments" : [ ],
        "parameters" : [ ],
        "attachmentsCount" : 0,
        "shouldDisplayMessage" : false,
        "stepsCount" : 12,
        "hasContent" : true
      } ],
      "attachments" : [ ],
      "parameters" : [ ],
      "attachmentsCount" : 0,
      "shouldDisplayMessage" : false,
      "stepsCount" : 23,
      "hasContent" : true
    }, {
      "name" : "打开购物车",
      "time" : {
        "start" : 1654005658721,
        "stop" : 1654005659634,
        "duration" : 913
      },
      "status" : "passed",
      "steps" : [ {
        "name" : "打开浏览器：'https://cart.taobao.com/cart.htm'",
        "time" : {
          "start" : 1654005658721,
          "stop" : 1654005659633,
          "duration" : 912
        },
        "status" : "passed",
        "steps" : [ ],
        "attachments" : [ ],
        "parameters" : [ {
          "name" : "url",
          "value" : "'https://cart.taobao.com/cart.htm'"
        } ],
        "attachmentsCount" : 0,
        "shouldDisplayMessage" : false,
        "stepsCount" : 0,
        "hasContent" : true
      } ],
      "attachments" : [ ],
      "parameters" : [ ],
      "attachmentsCount" : 0,
      "shouldDisplayMessage" : false,
      "stepsCount" : 1,
      "hasContent" : true
    }, {
      "name" : "全选商品",
      "time" : {
        "start" : 1654005659634,
        "stop" : 1654005669686,
        "duration" : 10052
      },
      "status" : "broken",
      "statusMessage" : "selenium.common.exceptions.NoSuchElementException: Message: no such element: Unable to locate element: {\"method\":\"css selector\",\"selector\":\"[id=\"J_SelectAll1\"]\"}\n  (Session info: chrome=102.0.5005.63)\n\n",
      "statusTrace" : "  File \"D:\\cemaclass\\PycharmProjects\\CMVIP06\\CMVIP06_PYTEST\\class06\\p08\\test_case\\test_taobao2.py\", line 40, in test_del_goods\n    goodssale.locator(*allPages.page_cartDetail_selectAll).click()\n  File \"D:\\cemaclass\\PycharmProjects\\CMVIP06\\CMVIP06_PYTEST\\class06\\p08\\key_word\\keyword.py\", line 30, in locator\n    el = self.driver.find_element(name,value)\n  File \"D:\\Python38\\lib\\site-packages\\selenium\\webdriver\\remote\\webdriver.py\", line 976, in find_element\n    return self.execute(Command.FIND_ELEMENT, {\n  File \"D:\\Python38\\lib\\site-packages\\selenium\\webdriver\\remote\\webdriver.py\", line 321, in execute\n    self.error_handler.check_response(response)\n  File \"D:\\Python38\\lib\\site-packages\\selenium\\webdriver\\remote\\errorhandler.py\", line 242, in check_response\n    raise exception_class(message, screen, stacktrace)\n",
      "steps" : [ ],
      "attachments" : [ ],
      "parameters" : [ ],
      "attachmentsCount" : 0,
      "shouldDisplayMessage" : true,
      "stepsCount" : 0,
      "hasContent" : true
    }, {
      "name" : "添加失败截图。。",
      "time" : {
        "start" : 1654005673998,
        "stop" : 1654005674446,
        "duration" : 448
      },
      "status" : "passed",
      "steps" : [ ],
      "attachments" : [ {
        "uid" : "2e2c86719ed10f4a",
        "name" : "失败截图",
        "source" : "2e2c86719ed10f4a.png",
        "type" : "image/png",
        "size" : 1121879
      } ],
      "parameters" : [ ],
      "attachmentsCount" : 1,
      "shouldDisplayMessage" : false,
      "stepsCount" : 0,
      "hasContent" : true
    } ],
    "attachments" : [ {
      "uid" : "43e40f39e562fb3e",
      "name" : "stdout",
      "source" : "43e40f39e562fb3e.txt",
      "type" : "text/plain",
      "size" : 744
    }, {
      "uid" : "a02ed594a38b1e35",
      "name" : "stderr",
      "source" : "a02ed594a38b1e35.txt",
      "type" : "text/plain",
      "size" : 1046
    } ],
    "parameters" : [ ],
    "attachmentsCount" : 3,
    "shouldDisplayMessage" : true,
    "stepsCount" : 34,
    "hasContent" : true
  },
  "afterStages" : [ {
    "name" : "browser::0",
    "time" : {
      "start" : 1654005674447,
      "stop" : 1654005674945,
      "duration" : 498
    },
    "status" : "passed",
    "steps" : [ ],
    "attachments" : [ ],
    "parameters" : [ ],
    "attachmentsCount" : 0,
    "shouldDisplayMessage" : false,
    "stepsCount" : 0,
    "hasContent" : false
  } ],
  "labels" : [ {
    "name" : "parentSuite",
    "value" : "test_case"
  }, {
    "name" : "suite",
    "value" : "test_taobao2"
  }, {
    "name" : "host",
    "value" : "LAPTOP-IT6V6FE6"
  }, {
    "name" : "thread",
    "value" : "3964-MainThread"
  }, {
    "name" : "framework",
    "value" : "pytest"
  }, {
    "name" : "language",
    "value" : "cpython3"
  }, {
    "name" : "package",
    "value" : "test_case.test_taobao2"
  }, {
    "name" : "resultFormat",
    "value" : "allure2"
  } ],
  "parameters" : [ ],
  "links" : [ ],
  "hidden" : false,
  "retry" : false,
  "extra" : {
    "severity" : "normal",
    "retries" : [ ],
    "categories" : [ {
      "name" : "Test defects",
      "matchedStatuses" : [ ],
      "flaky" : false
    } ],
    "tags" : [ ]
  },
  "source" : "8ce74dd5d3380ad1.json",
  "parameterValues" : [ ]
}