{"name": "test_baidu_search_case1[data2]", "status": "failed", "statusDetails": {"message": "AssertionError: assert '百度安全验证' == 'pytest_百度搜索'\n  - pytest_百度搜索\n  + 百度安全验证", "trace": "self = <class03.p99_homework.pom_pytest.case.test_case.TestBaidu object at 0x000002B83D44D670>\ndata = {'txt': 'pytest'}\nbrowser = <selenium.webdriver.chrome.webdriver.WebDriver (session=\"3e7eb190fd3803f20b93c8c215bb8f37\")>\n\n    @pytest.mark.parametrize('data', yaml_driver.load_yaml('./data/baidu.yaml'))\n    def test_baidu_search_case1(self,data,browser):\n        page = BaiduPage(browser)\n        page.open()\n        page.search_input(data[\"txt\"])\n        page.search_button()\n        sleep(2)\n>       assert page.get_title() == data[\"txt\"] + \"_百度搜索\"\nE       AssertionError: assert '百度安全验证' == 'pytest_百度搜索'\nE         - pytest_百度搜索\nE         + 百度安全验证\n\ncase\\test_case.py:28: AssertionError"}, "start": 1653652744104, "stop": 1653652747206, "uuid": "baec05e6-975f-4ab9-8d63-35a7a3c489a5", "historyId": "a673035c8e8a2e4fd43d623a164a4bf5", "testCaseId": "01d3235af82040bb8aca8a2fecc88cc9", "fullName": "case.test_case.TestBaidu#test_baidu_search_case1", "labels": [{"name": "parentSuite", "value": "case"}, {"name": "suite", "value": "test_case"}, {"name": "subSuite", "value": "TestBaidu"}, {"name": "host", "value": "LAPTOP-IT6V6FE6"}, {"name": "thread", "value": "26920-MainThread"}, {"name": "framework", "value": "pytest"}, {"name": "language", "value": "cpython3"}, {"name": "package", "value": "case.test_case"}]}